/usr/local/lib/python2.7/dist-packages/gensim/models/phrases.py:248: UserWarning: For a faster implementation, use the gensim.models.phrases.Phraser class
  warnings.warn("For a faster implementation, use the gensim.models.phrases.Phraser class")
]0;IPython: Kaggle_StackedOverflow/preprocessingSPARK OFF
Training Word2Vec model...
[0;31m[0m
[0;31mNameError[0mTraceback (most recent call last)
[0;32m/home/hunter/NhuanWorking/Kaggle_StackedOverflow/preprocessing/PrepareRawCorpus.py[0m in [0;36m<module>[0;34m()[0m
[1;32m     55[0m [0;31m# Initialize and train the model (this will take some time)[0m[0;34m[0m[0;34m[0m[0m
[1;32m     56[0m [0;32mprint[0m [0;34m"Training Word2Vec model..."[0m[0;34m[0m[0m
[0;32m---> 57[0;31m model = Word2Vec(corpus,sg=training_algo, workers=num_workers,
[0m[1;32m     58[0m            [0msize[0m[0;34m=[0m[0mnum_features[0m[0;34m,[0m [0mmin_count[0m [0;34m=[0m [0mmin_word_count[0m[0;34m,[0m[0;34m[0m[0m
[1;32m     59[0m            window = context, sample = downsampling, seed=1)

[0;31mNameError[0m: name 'Word2Vec' is not defined
/usr/local/lib/python2.7/dist-packages/gensim/models/phrases.py:248: UserWarning: For a faster implementation, use the gensim.models.phrases.Phraser class
  warnings.warn("For a faster implementation, use the gensim.models.phrases.Phraser class")
]0;IPython: Kaggle_StackedOverflow/preprocessingSPARK OFF
Training Word2Vec model...
[0;31m[0m
[0;31mTypeError[0mTraceback (most recent call last)
[0;32m/home/hunter/NhuanWorking/Kaggle_StackedOverflow/preprocessing/PrepareRawCorpus.py[0m in [0;36m<module>[0;34m()[0m
[1;32m     58[0m model = Word2Vec(corpus,sg=training_algo, workers=num_workers,
[1;32m     59[0m            [0msize[0m[0;34m=[0m[0mnum_features[0m[0;34m,[0m [0mmin_count[0m [0;34m=[0m [0mmin_word_count[0m[0;34m,[0m[0;34m[0m[0m
[0;32m---> 60[0;31m            window = context, sample = downsampling, seed=1)
[0m[1;32m     61[0m [0;31m# If you don't plan to train the model any further, calling[0m[0;34m[0m[0;34m[0m[0m
[1;32m     62[0m [0;31m# init_sims will make the model much more memory-efficient.[0m[0;34m[0m[0;34m[0m[0m

[0;32m/usr/local/lib/python2.7/dist-packages/gensim/models/word2vec.pyc[0m in [0;36m__init__[0;34m(self, sentences, size, alpha, window, min_count, max_vocab_size, sample, seed, workers, min_alpha, sg, hs, negative, cbow_mean, hashfxn, iter, null_word, trim_rule, sorted_vocab, batch_words)[0m
[1;32m    467[0m             [0;32mif[0m [0misinstance[0m[0;34m([0m[0msentences[0m[0;34m,[0m [0mGeneratorType[0m[0;34m)[0m[0;34m:[0m[0;34m[0m[0m
[1;32m    468[0m                 [0;32mraise[0m [0mTypeError[0m[0;34m([0m[0;34m"You can't pass a generator as the sentences argument. Try an iterator."[0m[0;34m)[0m[0;34m[0m[0m
[0;32m--> 469[0;31m             [0mself[0m[0;34m.[0m[0mbuild_vocab[0m[0;34m([0m[0msentences[0m[0;34m,[0m [0mtrim_rule[0m[0;34m=[0m[0mtrim_rule[0m[0;34m)[0m[0;34m[0m[0m
[0m[1;32m    470[0m             [0mself[0m[0;34m.[0m[0mtrain[0m[0;34m([0m[0msentences[0m[0;34m)[0m[0;34m[0m[0m
[1;32m    471[0m [0;34m[0m[0m

[0;32m/usr/local/lib/python2.7/dist-packages/gensim/models/word2vec.pyc[0m in [0;36mbuild_vocab[0;34m(self, sentences, keep_raw_vocab, trim_rule, progress_per, update)[0m
[1;32m    531[0m [0;34m[0m[0m
[1;32m    532[0m         """
[0;32m--> 533[0;31m         [0mself[0m[0;34m.[0m[0mscan_vocab[0m[0;34m([0m[0msentences[0m[0;34m,[0m [0mprogress_per[0m[0;34m=[0m[0mprogress_per[0m[0;34m,[0m [0mtrim_rule[0m[0;34m=[0m[0mtrim_rule[0m[0;34m)[0m  [0;31m# initial survey[0m[0;34m[0m[0m
[0m[1;32m    534[0m         [0mself[0m[0;34m.[0m[0mscale_vocab[0m[0;34m([0m[0mkeep_raw_vocab[0m[0;34m=[0m[0mkeep_raw_vocab[0m[0;34m,[0m [0mtrim_rule[0m[0;34m=[0m[0mtrim_rule[0m[0;34m,[0m [0mupdate[0m[0;34m=[0m[0mupdate[0m[0;34m)[0m  [0;31m# trim by min_count & precalculate downsampling[0m[0;34m[0m[0m
[1;32m    535[0m         [0mself[0m[0;34m.[0m[0mfinalize_vocab[0m[0;34m([0m[0mupdate[0m[0;34m=[0m[0mupdate[0m[0;34m)[0m  [0;31m# build tables & arrays[0m[0;34m[0m[0m

[0;32m/usr/local/lib/python2.7/dist-packages/gensim/models/word2vec.pyc[0m in [0;36mscan_vocab[0;34m(self, sentences, progress_per, trim_rule)[0m
[1;32m    553[0m                             sentence_no, sum(itervalues(vocab)) + total_words, len(vocab))
[1;32m    554[0m             [0;32mfor[0m [0mword[0m [0;32min[0m [0msentence[0m[0;34m:[0m[0;34m[0m[0m
[0;32m--> 555[0;31m                 [0mvocab[0m[0;34m[[0m[0mword[0m[0;34m][0m [0;34m+=[0m [0;36m1[0m[0;34m[0m[0m
[0m[1;32m    556[0m [0;34m[0m[0m
[1;32m    557[0m             [0;32mif[0m [0mself[0m[0;34m.[0m[0mmax_vocab_size[0m [0;32mand[0m [0mlen[0m[0;34m([0m[0mvocab[0m[0;34m)[0m [0;34m>[0m [0mself[0m[0;34m.[0m[0mmax_vocab_size[0m[0;34m:[0m[0;34m[0m[0m

[0;31mTypeError[0m: unhashable type: 'list'
/usr/local/lib/python2.7/dist-packages/gensim/models/phrases.py:248: UserWarning: For a faster implementation, use the gensim.models.phrases.Phraser class
  warnings.warn("For a faster implementation, use the gensim.models.phrases.Phraser class")
]0;IPython: Kaggle_StackedOverflow/preprocessingSPARK OFF
Training Word2Vec model...
/usr/local/lib/python2.7/dist-packages/gensim/models/phrases.py:248: UserWarning: For a faster implementation, use the gensim.models.phrases.Phraser class
  warnings.warn("For a faster implementation, use the gensim.models.phrases.Phraser class")
SPARK OFF
Training Word2Vec model...
/usr/local/lib/python2.7/dist-packages/gensim/models/phrases.py:248: UserWarning: For a faster implementation, use the gensim.models.phrases.Phraser class
  warnings.warn("For a faster implementation, use the gensim.models.phrases.Phraser class")
SPARK OFF
Training Word2Vec model...
/usr/local/lib/python2.7/dist-packages/gensim/models/phrases.py:248: UserWarning: For a faster implementation, use the gensim.models.phrases.Phraser class
  warnings.warn("For a faster implementation, use the gensim.models.phrases.Phraser class")
SPARK OFF
Training Word2Vec model...
/usr/local/lib/python2.7/dist-packages/gensim/models/phrases.py:248: UserWarning: For a faster implementation, use the gensim.models.phrases.Phraser class
  warnings.warn("For a faster implementation, use the gensim.models.phrases.Phraser class")
